<?xml version="1.0" encoding="UTF-8"?>
<!-- Generated by org.testng.reporters.JUnitReportReporter -->
<testsuite hostname="DESKTOP-5CTVF2M" failures="0" tests="1" name="com.base.test.LoginUITest" time="30.933" errors="0" timestamp="2024-04-02T12:44:56 IST" skipped="0">
  <testcase classname="com.base.test.LoginUITest" name="titleTest" time="30.933"/>
</testsuite> <!-- com.base.test.LoginUITest -->
